<?xml version="1.0" encoding="UTF-8"?>
<testng-results skipped="0" failed="0" total="1" passed="1">
  <reporter-output>
  </reporter-output>
  <suite name="Default suite" duration-ms="2199" started-at="2018-08-21T08:49:06Z" finished-at="2018-08-21T08:49:08Z">
    <groups>
    </groups>
    <test name="Default test" duration-ms="2199" started-at="2018-08-21T08:49:06Z" finished-at="2018-08-21T08:49:08Z">
      <class name="com.qait.automation.rest_assured.AppTest">
        <test-method status="PASS" signature="test01()[pri:0, instance:com.qait.automation.rest_assured.AppTest@224edc67]" name="test01" duration-ms="2183" started-at="2018-08-21T14:19:06Z" finished-at="2018-08-21T14:19:08Z">
          <reporter-output>
          </reporter-output>
        </test-method> <!-- test01 -->
      </class> <!-- com.qait.automation.rest_assured.AppTest -->
    </test> <!-- Default test -->
  </suite> <!-- Default suite -->
</testng-results>
